============================================================
  Generated by:           Genus(TM) Synthesis Solution 23.14-s090_1
  Generated on:           Apr 19 2026  04:23:40 am
  Module:                 ara_soc_NrLanes16_VLEN16384_OSSupport0
  Operating conditions:   tt_v0p8_85c (balanced_tree)
  Wireload mode:          enclosed
  Area mode:              timing library
============================================================

Timing
--------

Analysis view Clock Period 
---------------------------
setup_view    clk_i 1250.0 


 Analysis    Cost   Critical        Violating 
   View     Group  Path Slack  TNS    Paths   
----------------------------------------------
setup_view   clk_i        0.0  0.0          0 
           default   No paths  0.0          0 
----------------------------------------------
Total                         -0.0          0 
                                              

Instance Count
--------------
Leaf Instance Count             7133585 
Physical Instance count               0 
Sequential Instance Count       1206598 
Combinational Instance Count    5926987 
Hierarchical Instance Count         516 

Area
----
Cell Area                          5698258.608
Physical Cell Area                 0.000
Total Cell Area (Cell+Physical)    5698258.608
Net Area                           0.000
Total Area (Cell+Physical+Net)     5698258.608

Max Fanout                         1193464 (clk_i)
Min Fanout                         0 (periph_wide_axi_resp[3][b][user][0])
Average Fanout                     2.8
Terms to net ratio                 3.8750
Terms to instance ratio            4.0164
Runtime                            2326.5182839999998 seconds
Elapsed Runtime                    1860 seconds
Genus peak memory usage            65376.66 
Innovus peak memory usage          no_value 
Hostname                           pc-MZ73-LM1-000
