============================================================
  Generated by:           Genus(TM) Synthesis Solution 23.14-s090_1
  Generated on:           Apr 19 2026  04:04:15 am
  Module:                 ara_soc_NrLanes16_VLEN16384_OSSupport0
  Operating conditions:   tt_v0p8_85c (balanced_tree)
  Wireload mode:          enclosed
  Area mode:              timing library
============================================================


Path 1: MET (0 ps) Setup Check with Pin i_system/i_ara/gen_lanes[0].i_lane/i_vfus/i_vmfpu/fpu_gen.i_fpnew_bulk/gen_operation_groups[0].i_opgroup_block_gen_parallel_slices[0].active_format.i_fmt_slice_gen_num_lanes[1].active_lane.lane_instance.i_fma/mid_pipe_sum_q_reg[1][75]/CK->D
           View: setup_view
          Group: clk_i
     Startpoint: (R) i_system/i_ara/gen_lanes[0].i_lane/i_vfus/i_vmfpu/fpu_gen.i_fpnew_bulk/gen_operation_groups[0].i_opgroup_block_gen_parallel_slices[0].active_format.i_fmt_slice_gen_num_lanes[1].active_lane.lane_instance.i_fma/inp_pipe_operands_q_reg[1][1][27]/CK
          Clock: (R) clk_i
       Endpoint: (R) i_system/i_ara/gen_lanes[0].i_lane/i_vfus/i_vmfpu/fpu_gen.i_fpnew_bulk/gen_operation_groups[0].i_opgroup_block_gen_parallel_slices[0].active_format.i_fmt_slice_gen_num_lanes[1].active_lane.lane_instance.i_fma/mid_pipe_sum_q_reg[1][75]/D
          Clock: (R) clk_i

                     Capture       Launch     
        Clock Edge:+    1250            0     
       Src Latency:+       0            0     
       Net Latency:+       0 (I)        0 (I) 
           Arrival:=    1250            0     
                                              
             Setup:-      24                  
     Required Time:=    1226                  
      Launch Clock:-       0                  
         Data Path:-    1226                  
             Slack:=       0                  

#-----------------------------------------------------------------------------------------------------------------------------------------------------------------------------------------------------------------------------------------------------------------------------------------------------------------------------------------------
#                                                                                                                     Timing Point                                                                                                                      Flags    Arc   Edge          Cell             Fanout  Load Trans Delay Arrival Instance 
#                                                                                                                                                                                                                                                                                                             (fF)  (ps)  (ps)   (ps)  Location 
#-----------------------------------------------------------------------------------------------------------------------------------------------------------------------------------------------------------------------------------------------------------------------------------------------------------------------------------------------
  i_system/i_ara/gen_lanes[0].i_lane/i_vfus/i_vmfpu/fpu_gen.i_fpnew_bulk/gen_operation_groups[0].i_opgroup_block_gen_parallel_slices[0].active_format.i_fmt_slice_gen_num_lanes[1].active_lane.lane_instance.i_fma/inp_pipe_operands_q_reg[1][1][27]/CK -       -      R     (arrival)                1193464    -     0     0       0    (-,-) 
  i_system/i_ara/gen_lanes[0].i_lane/i_vfus/i_vmfpu/fpu_gen.i_fpnew_bulk/gen_operation_groups[0].i_opgroup_block_gen_parallel_slices[0].active_format.i_fmt_slice_gen_num_lanes[1].active_lane.lane_instance.i_fma/inp_pipe_operands_q_reg[1][1][27]/Q  -       CK->Q  F     SDRNQV2_140P7T30R              5  2.5    17    58      58    (-,-) 
  i_system/i_ara/gen_lanes[0].i_lane/i_vfus/i_vmfpu/fpu_gen.i_fpnew_bulk/gen_operation_groups[0].i_opgroup_block_gen_parallel_slices[0].active_format.i_fmt_slice_gen_num_lanes[1].active_lane.lane_instance.i_fma/g33744/ZN                            -       A1->ZN F     NAND2XBV1P5_140P7T30R          1  0.9    15    25      82    (-,-) 
  i_system/i_ara/gen_lanes[0].i_lane/i_vfus/i_vmfpu/fpu_gen.i_fpnew_bulk/gen_operation_groups[0].i_opgroup_block_gen_parallel_slices[0].active_format.i_fmt_slice_gen_num_lanes[1].active_lane.lane_instance.i_fma/g33417/ZN                            -       A2->ZN R     CLKNOR2V4_140P7T30R            2  2.3    21    21     103    (-,-) 
  i_system/i_ara/gen_lanes[0].i_lane/i_vfus/i_vmfpu/fpu_gen.i_fpnew_bulk/gen_operation_groups[0].i_opgroup_block_gen_parallel_slices[0].active_format.i_fmt_slice_gen_num_lanes[1].active_lane.lane_instance.i_fma/g33296/ZN                            -       A2->ZN F     NAND3V8_140P7T30R              2  1.9    16    16     119    (-,-) 
  i_system/i_ara/gen_lanes[0].i_lane/i_vfus/i_vmfpu/fpu_gen.i_fpnew_bulk/gen_operation_groups[0].i_opgroup_block_gen_parallel_slices[0].active_format.i_fmt_slice_gen_num_lanes[1].active_lane.lane_instance.i_fma/g33611/ZN                            -       A1->ZN F     NAND2XBV6_140P7T30R            2  2.4    15    27     146    (-,-) 
  i_system/i_ara/gen_lanes[0].i_lane/i_vfus/i_vmfpu/fpu_gen.i_fpnew_bulk/gen_operation_groups[0].i_opgroup_block_gen_parallel_slices[0].active_format.i_fmt_slice_gen_num_lanes[1].active_lane.lane_instance.i_fma/g33252/ZN                            -       A2->ZN R     CLKNAND2V8_140P7T30R           7  6.2    16    16     162    (-,-) 
  i_system/i_ara/gen_lanes[0].i_lane/i_vfus/i_vmfpu/fpu_gen.i_fpnew_bulk/gen_operation_groups[0].i_opgroup_block_gen_parallel_slices[0].active_format.i_fmt_slice_gen_num_lanes[1].active_lane.lane_instance.i_fma/g33233/ZN                            -       A1->ZN F     NOR2V4_140P7T30R               3  2.1    14    10     172    (-,-) 
  i_system/i_ara/gen_lanes[0].i_lane/i_vfus/i_vmfpu/fpu_gen.i_fpnew_bulk/gen_operation_groups[0].i_opgroup_block_gen_parallel_slices[0].active_format.i_fmt_slice_gen_num_lanes[1].active_lane.lane_instance.i_fma/g33225/ZN                            -       I->ZN  R     CLKINV2_140P7T30R              2  1.3    15    15     187    (-,-) 
  i_system/i_ara/gen_lanes[0].i_lane/i_vfus/i_vmfpu/fpu_gen.i_fpnew_bulk/gen_operation_groups[0].i_opgroup_block_gen_parallel_slices[0].active_format.i_fmt_slice_gen_num_lanes[1].active_lane.lane_instance.i_fma/g33673/Z                             -       I1->Z  R     MUX2V4_140P7T30R               4  2.8    19    33     220    (-,-) 
  i_system/i_ara/gen_lanes[0].i_lane/i_vfus/i_vmfpu/fpu_gen.i_fpnew_bulk/gen_operation_groups[0].i_opgroup_block_gen_parallel_slices[0].active_format.i_fmt_slice_gen_num_lanes[1].active_lane.lane_instance.i_fma/g33193/ZN                            -       I->ZN  F     INV3_140P7T30R                 2  1.5     9     8     228    (-,-) 
  i_system/i_ara/gen_lanes[0].i_lane/i_vfus/i_vmfpu/fpu_gen.i_fpnew_bulk/gen_operation_groups[0].i_opgroup_block_gen_parallel_slices[0].active_format.i_fmt_slice_gen_num_lanes[1].active_lane.lane_instance.i_fma/g33602/ZN                            -       B1->ZN R     AOI21BV4_140P7T30R             1  0.9    19    16     244    (-,-) 
  i_system/i_ara/gen_lanes[0].i_lane/i_vfus/i_vmfpu/fpu_gen.i_fpnew_bulk/gen_operation_groups[0].i_opgroup_block_gen_parallel_slices[0].active_format.i_fmt_slice_gen_num_lanes[1].active_lane.lane_instance.i_fma/g33158/Z                             -       B->Z   F     AO1B2V4_140P7T30R              2  2.3    17    15     258    (-,-) 
  i_system/i_ara/gen_lanes[0].i_lane/i_vfus/i_vmfpu/fpu_gen.i_fpnew_bulk/gen_operation_groups[0].i_opgroup_block_gen_parallel_slices[0].active_format.i_fmt_slice_gen_num_lanes[1].active_lane.lane_instance.i_fma/g33139/ZN                            -       A2->ZN R     NAND2V4_140P7T30R              1  2.0    14    14     273    (-,-) 
  i_system/i_ara/gen_lanes[0].i_lane/i_vfus/i_vmfpu/fpu_gen.i_fpnew_bulk/gen_operation_groups[0].i_opgroup_block_gen_parallel_slices[0].active_format.i_fmt_slice_gen_num_lanes[1].active_lane.lane_instance.i_fma/g33125/Z                             -       A1->Z  R     CLKXOR2V6_140P7T30R            5  4.9    35    33     306    (-,-) 
  i_system/i_ara/gen_lanes[0].i_lane/i_vfus/i_vmfpu/fpu_gen.i_fpnew_bulk/gen_operation_groups[0].i_opgroup_block_gen_parallel_slices[0].active_format.i_fmt_slice_gen_num_lanes[1].active_lane.lane_instance.i_fma/g33122/ZN                            -       I->ZN  F     INV7_140P7T30R                 9  6.8    17    15     320    (-,-) 
  i_system/i_ara/gen_lanes[0].i_lane/i_vfus/i_vmfpu/fpu_gen.i_fpnew_bulk/gen_operation_groups[0].i_opgroup_block_gen_parallel_slices[0].active_format.i_fmt_slice_gen_num_lanes[1].active_lane.lane_instance.i_fma/g33110/ZN                            -       B1->ZN R     NOR2XBV6_140P7T30R            17  9.5    52    37     357    (-,-) 
  i_system/i_ara/gen_lanes[0].i_lane/i_vfus/i_vmfpu/fpu_gen.i_fpnew_bulk/gen_operation_groups[0].i_opgroup_block_gen_parallel_slices[0].active_format.i_fmt_slice_gen_num_lanes[1].active_lane.lane_instance.i_fma/g33103/ZN                            -       I->ZN  F     INV5_140P7T30R                 5  2.6    17    12     369    (-,-) 
  i_system/i_ara/gen_lanes[0].i_lane/i_vfus/i_vmfpu/fpu_gen.i_fpnew_bulk/gen_operation_groups[0].i_opgroup_block_gen_parallel_slices[0].active_format.i_fmt_slice_gen_num_lanes[1].active_lane.lane_instance.i_fma/g33076/ZN                            -       A1->ZN R     OAI22V1P5_140P7T30R            1  0.5    29    19     388    (-,-) 
  i_system/i_ara/gen_lanes[0].i_lane/i_vfus/i_vmfpu/fpu_gen.i_fpnew_bulk/gen_operation_groups[0].i_opgroup_block_gen_parallel_slices[0].active_format.i_fmt_slice_gen_num_lanes[1].active_lane.lane_instance.i_fma/g33774/Z                             -       B->Z   F     OA1B2V1_140P7T30R              1  0.5    12    10     397    (-,-) 
  i_system/i_ara/gen_lanes[0].i_lane/i_vfus/i_vmfpu/fpu_gen.i_fpnew_bulk/gen_operation_groups[0].i_opgroup_block_gen_parallel_slices[0].active_format.i_fmt_slice_gen_num_lanes[1].active_lane.lane_instance.i_fma/g33016/ZN                            -       B->ZN  R     OAI12V1P5_140P7T30R            3  1.6    35    18     416    (-,-) 
  i_system/i_ara/gen_lanes[0].i_lane/i_vfus/i_vmfpu/fpu_gen.i_fpnew_bulk/gen_operation_groups[0].i_opgroup_block_gen_parallel_slices[0].active_format.i_fmt_slice_gen_num_lanes[1].active_lane.lane_instance.i_fma/g32917/ZN                            -       A1->ZN F     AOI22V1_140P7T30R              3  1.6    37    26     442    (-,-) 
  i_system/i_ara/gen_lanes[0].i_lane/i_vfus/i_vmfpu/fpu_gen.i_fpnew_bulk/gen_operation_groups[0].i_opgroup_block_gen_parallel_slices[0].active_format.i_fmt_slice_gen_num_lanes[1].active_lane.lane_instance.i_fma/g32755__1617/ZN                      -       B1->ZN R     OAI22V1_140P7T30R              1  1.1    40    36     478    (-,-) 
  i_system/i_ara/gen_lanes[0].i_lane/i_vfus/i_vmfpu/fpu_gen.i_fpnew_bulk/gen_operation_groups[0].i_opgroup_block_gen_parallel_slices[0].active_format.i_fmt_slice_gen_num_lanes[1].active_lane.lane_instance.i_fma/g32731__7482/Z                       -       B->Z   F     OA1B2V4_140P7T30R              3  1.7    15    13     491    (-,-) 
  i_system/i_ara/gen_lanes[0].i_lane/i_vfus/i_vmfpu/fpu_gen.i_fpnew_bulk/gen_operation_groups[0].i_opgroup_block_gen_parallel_slices[0].active_format.i_fmt_slice_gen_num_lanes[1].active_lane.lane_instance.i_fma/g32672__5526/ZN                      -       B1->ZN R     OAI22V1P5_140P7T30R            4  2.4    61    41     532    (-,-) 
  i_system/i_ara/gen_lanes[0].i_lane/i_vfus/i_vmfpu/fpu_gen.i_fpnew_bulk/gen_operation_groups[0].i_opgroup_block_gen_parallel_slices[0].active_format.i_fmt_slice_gen_num_lanes[1].active_lane.lane_instance.i_fma/g32630__8428/ZN                      -       A2->ZN R     NAND4XXBBV1P5_140P7T30R        1  0.6    21    26     558    (-,-) 
  i_system/i_ara/gen_lanes[0].i_lane/i_vfus/i_vmfpu/fpu_gen.i_fpnew_bulk/gen_operation_groups[0].i_opgroup_block_gen_parallel_slices[0].active_format.i_fmt_slice_gen_num_lanes[1].active_lane.lane_instance.i_fma/g32481__6260/ZN                      -       A2->ZN F     AOI12V2_140P7T30R              1  0.5    17    14     572    (-,-) 
  i_system/i_ara/gen_lanes[0].i_lane/i_vfus/i_vmfpu/fpu_gen.i_fpnew_bulk/gen_operation_groups[0].i_opgroup_block_gen_parallel_slices[0].active_format.i_fmt_slice_gen_num_lanes[1].active_lane.lane_instance.i_fma/g32399__7098/ZN                      -       A2->ZN R     NAND3V1P5_140P7T30R            1  0.5    16    13     585    (-,-) 
  i_system/i_ara/gen_lanes[0].i_lane/i_vfus/i_vmfpu/fpu_gen.i_fpnew_bulk/gen_operation_groups[0].i_opgroup_block_gen_parallel_slices[0].active_format.i_fmt_slice_gen_num_lanes[1].active_lane.lane_instance.i_fma/g32384__6417/ZN                      -       A1->ZN F     CLKNOR2V2_140P7T30R            1  1.0    12    11     596    (-,-) 
  i_system/i_ara/gen_lanes[0].i_lane/i_vfus/i_vmfpu/fpu_gen.i_fpnew_bulk/gen_operation_groups[0].i_opgroup_block_gen_parallel_slices[0].active_format.i_fmt_slice_gen_num_lanes[1].active_lane.lane_instance.i_fma/g32358__5107/ZN                      -       A2->ZN R     NAND3V3_140P7T30R              2  1.8    15    14     610    (-,-) 
  i_system/i_ara/gen_lanes[0].i_lane/i_vfus/i_vmfpu/fpu_gen.i_fpnew_bulk/gen_operation_groups[0].i_opgroup_block_gen_parallel_slices[0].active_format.i_fmt_slice_gen_num_lanes[1].active_lane.lane_instance.i_fma/g32357__2398/ZN                      -       A1->ZN F     NOR2V6_140P7T30R               4  1.9    23     8     619    (-,-) 
  i_system/i_ara/gen_lanes[0].i_lane/i_vfus/i_vmfpu/fpu_gen.i_fpnew_bulk/gen_operation_groups[0].i_opgroup_block_gen_parallel_slices[0].active_format.i_fmt_slice_gen_num_lanes[1].active_lane.lane_instance.i_fma/WALLACE_CSA_DUMMY_OP_groupi_g4858/ZN -       A1->ZN R     CLKNOR2V2_140P7T30R            3  1.6    32    26     644    (-,-) 
  i_system/i_ara/gen_lanes[0].i_lane/i_vfus/i_vmfpu/fpu_gen.i_fpnew_bulk/gen_operation_groups[0].i_opgroup_block_gen_parallel_slices[0].active_format.i_fmt_slice_gen_num_lanes[1].active_lane.lane_instance.i_fma/WALLACE_CSA_DUMMY_OP_groupi_g4716/ZN -       B1->ZN F     NAND2XBV2_140P7T30R            3  1.8    27    23     667    (-,-) 
  i_system/i_ara/gen_lanes[0].i_lane/i_vfus/i_vmfpu/fpu_gen.i_fpnew_bulk/gen_operation_groups[0].i_opgroup_block_gen_parallel_slices[0].active_format.i_fmt_slice_gen_num_lanes[1].active_lane.lane_instance.i_fma/WALLACE_CSA_DUMMY_OP_groupi_g4445/ZN -       A1->ZN R     OAI12V2_140P7T30R              2  1.5    33    28     695    (-,-) 
  i_system/i_ara/gen_lanes[0].i_lane/i_vfus/i_vmfpu/fpu_gen.i_fpnew_bulk/gen_operation_groups[0].i_opgroup_block_gen_parallel_slices[0].active_format.i_fmt_slice_gen_num_lanes[1].active_lane.lane_instance.i_fma/WALLACE_CSA_DUMMY_OP_groupi_g4412/ZN -       A1->ZN F     AOI12V2_140P7T30R              3  1.9    29    24     720    (-,-) 
  i_system/i_ara/gen_lanes[0].i_lane/i_vfus/i_vmfpu/fpu_gen.i_fpnew_bulk/gen_operation_groups[0].i_opgroup_block_gen_parallel_slices[0].active_format.i_fmt_slice_gen_num_lanes[1].active_lane.lane_instance.i_fma/WALLACE_CSA_DUMMY_OP_groupi_g4396/Z  -       A1->Z  F     OA12V4_140P7T30R               2  2.3    14    34     753    (-,-) 
  i_system/i_ara/gen_lanes[0].i_lane/i_vfus/i_vmfpu/fpu_gen.i_fpnew_bulk/gen_operation_groups[0].i_opgroup_block_gen_parallel_slices[0].active_format.i_fmt_slice_gen_num_lanes[1].active_lane.lane_instance.i_fma/WALLACE_CSA_DUMMY_OP_groupi_g4389/ZN -       A1->ZN R     OAI12V6_140P7T30R              2  1.9    17    16     769    (-,-) 
  i_system/i_ara/gen_lanes[0].i_lane/i_vfus/i_vmfpu/fpu_gen.i_fpnew_bulk/gen_operation_groups[0].i_opgroup_block_gen_parallel_slices[0].active_format.i_fmt_slice_gen_num_lanes[1].active_lane.lane_instance.i_fma/WALLACE_CSA_DUMMY_OP_groupi_g4380/ZN -       A1->ZN F     AOI12V4_140P7T30R              3  2.2    18    15     784    (-,-) 
  i_system/i_ara/gen_lanes[0].i_lane/i_vfus/i_vmfpu/fpu_gen.i_fpnew_bulk/gen_operation_groups[0].i_opgroup_block_gen_parallel_slices[0].active_format.i_fmt_slice_gen_num_lanes[1].active_lane.lane_instance.i_fma/WALLACE_CSA_DUMMY_OP_groupi_g4364/ZN -       A1->ZN R     NOR3V4_140P7T30R               2  1.6    27    21     805    (-,-) 
  i_system/i_ara/gen_lanes[0].i_lane/i_vfus/i_vmfpu/fpu_gen.i_fpnew_bulk/gen_operation_groups[0].i_opgroup_block_gen_parallel_slices[0].active_format.i_fmt_slice_gen_num_lanes[1].active_lane.lane_instance.i_fma/WALLACE_CSA_DUMMY_OP_groupi_g4355/ZN -       A1->ZN F     AOI12V4_140P7T30R              3  2.1    20    17     822    (-,-) 
  i_system/i_ara/gen_lanes[0].i_lane/i_vfus/i_vmfpu/fpu_gen.i_fpnew_bulk/gen_operation_groups[0].i_opgroup_block_gen_parallel_slices[0].active_format.i_fmt_slice_gen_num_lanes[1].active_lane.lane_instance.i_fma/WALLACE_CSA_DUMMY_OP_groupi_g4354/ZN -       A1->ZN R     NOR2V4_140P7T30R               2  1.6    18    17     839    (-,-) 
  i_system/i_ara/gen_lanes[0].i_lane/i_vfus/i_vmfpu/fpu_gen.i_fpnew_bulk/gen_operation_groups[0].i_opgroup_block_gen_parallel_slices[0].active_format.i_fmt_slice_gen_num_lanes[1].active_lane.lane_instance.i_fma/WALLACE_CSA_DUMMY_OP_groupi_g4350/ZN -       A1->ZN F     AOI12V4_140P7T30R              2  1.7    19    14     853    (-,-) 
  i_system/i_ara/gen_lanes[0].i_lane/i_vfus/i_vmfpu/fpu_gen.i_fpnew_bulk/gen_operation_groups[0].i_opgroup_block_gen_parallel_slices[0].active_format.i_fmt_slice_gen_num_lanes[1].active_lane.lane_instance.i_fma/WALLACE_CSA_DUMMY_OP_groupi_g4346/ZN -       A1->ZN R     CLKNOR2V4_140P7T30R            3  2.0    20    18     871    (-,-) 
  i_system/i_ara/gen_lanes[0].i_lane/i_vfus/i_vmfpu/fpu_gen.i_fpnew_bulk/gen_operation_groups[0].i_opgroup_block_gen_parallel_slices[0].active_format.i_fmt_slice_gen_num_lanes[1].active_lane.lane_instance.i_fma/WALLACE_CSA_DUMMY_OP_groupi_g4344/ZN -       A1->ZN F     NAND2V3_140P7T30R              2  1.6    17    13     884    (-,-) 
  i_system/i_ara/gen_lanes[0].i_lane/i_vfus/i_vmfpu/fpu_gen.i_fpnew_bulk/gen_operation_groups[0].i_opgroup_block_gen_parallel_slices[0].active_format.i_fmt_slice_gen_num_lanes[1].active_lane.lane_instance.i_fma/WALLACE_CSA_DUMMY_OP_groupi_g4337/ZN -       A1->ZN R     OAI12V4_140P7T30R              2  1.4    22    18     902    (-,-) 
  i_system/i_ara/gen_lanes[0].i_lane/i_vfus/i_vmfpu/fpu_gen.i_fpnew_bulk/gen_operation_groups[0].i_opgroup_block_gen_parallel_slices[0].active_format.i_fmt_slice_gen_num_lanes[1].active_lane.lane_instance.i_fma/WALLACE_CSA_DUMMY_OP_groupi_g4333/ZN -       A1->ZN F     NAND2V3_140P7T30R              2  1.6    16    13     915    (-,-) 
  i_system/i_ara/gen_lanes[0].i_lane/i_vfus/i_vmfpu/fpu_gen.i_fpnew_bulk/gen_operation_groups[0].i_opgroup_block_gen_parallel_slices[0].active_format.i_fmt_slice_gen_num_lanes[1].active_lane.lane_instance.i_fma/WALLACE_CSA_DUMMY_OP_groupi_g4322/ZN -       A1->ZN R     OAI212V4_140P7T30R             2  1.6    33    19     934    (-,-) 
  i_system/i_ara/gen_lanes[0].i_lane/i_vfus/i_vmfpu/fpu_gen.i_fpnew_bulk/gen_operation_groups[0].i_opgroup_block_gen_parallel_slices[0].active_format.i_fmt_slice_gen_num_lanes[1].active_lane.lane_instance.i_fma/WALLACE_CSA_DUMMY_OP_groupi_g4871/ZN -       B1->ZN F     NAND2XBV4_140P7T30R            2  1.5    17    15     949    (-,-) 
  i_system/i_ara/gen_lanes[0].i_lane/i_vfus/i_vmfpu/fpu_gen.i_fpnew_bulk/gen_operation_groups[0].i_opgroup_block_gen_parallel_slices[0].active_format.i_fmt_slice_gen_num_lanes[1].active_lane.lane_instance.i_fma/WALLACE_CSA_DUMMY_OP_groupi_g4311/ZN -       A1->ZN R     OAI212V4_140P7T30R             2  1.6    33    20     969    (-,-) 
  i_system/i_ara/gen_lanes[0].i_lane/i_vfus/i_vmfpu/fpu_gen.i_fpnew_bulk/gen_operation_groups[0].i_opgroup_block_gen_parallel_slices[0].active_format.i_fmt_slice_gen_num_lanes[1].active_lane.lane_instance.i_fma/WALLACE_CSA_DUMMY_OP_groupi_g4306/ZN -       A1->ZN F     NAND2V3_140P7T30R              2  1.3    17    13     982    (-,-) 
  i_system/i_ara/gen_lanes[0].i_lane/i_vfus/i_vmfpu/fpu_gen.i_fpnew_bulk/gen_operation_groups[0].i_opgroup_block_gen_parallel_slices[0].active_format.i_fmt_slice_gen_num_lanes[1].active_lane.lane_instance.i_fma/WALLACE_CSA_DUMMY_OP_groupi_g4303/ZN -       A1->ZN R     NOR2V4_140P7T30R               3  1.8    19    17     999    (-,-) 
  i_system/i_ara/gen_lanes[0].i_lane/i_vfus/i_vmfpu/fpu_gen.i_fpnew_bulk/gen_operation_groups[0].i_opgroup_block_gen_parallel_slices[0].active_format.i_fmt_slice_gen_num_lanes[1].active_lane.lane_instance.i_fma/WALLACE_CSA_DUMMY_OP_groupi_g4299/ZN -       A1->ZN F     NAND2V3_140P7T30R              1  1.0    12    10    1009    (-,-) 
  i_system/i_ara/gen_lanes[0].i_lane/i_vfus/i_vmfpu/fpu_gen.i_fpnew_bulk/gen_operation_groups[0].i_opgroup_block_gen_parallel_slices[0].active_format.i_fmt_slice_gen_num_lanes[1].active_lane.lane_instance.i_fma/WALLACE_CSA_DUMMY_OP_groupi_g4293/ZN -       B1->ZN R     NAND4XXBBV4_140P7T30R          4  2.8    19    13    1023    (-,-) 
  i_system/i_ara/gen_lanes[0].i_lane/i_vfus/i_vmfpu/fpu_gen.i_fpnew_bulk/gen_operation_groups[0].i_opgroup_block_gen_parallel_slices[0].active_format.i_fmt_slice_gen_num_lanes[1].active_lane.lane_instance.i_fma/WALLACE_CSA_DUMMY_OP_groupi_g4285/ZN -       A1->ZN F     NAND2V3_140P7T30R              2  1.5    20    12    1035    (-,-) 
  i_system/i_ara/gen_lanes[0].i_lane/i_vfus/i_vmfpu/fpu_gen.i_fpnew_bulk/gen_operation_groups[0].i_opgroup_block_gen_parallel_slices[0].active_format.i_fmt_slice_gen_num_lanes[1].active_lane.lane_instance.i_fma/WALLACE_CSA_DUMMY_OP_groupi_g4269/ZN -       A1->ZN R     OAI12V4_140P7T30R              3  2.0    25    21    1056    (-,-) 
  i_system/i_ara/gen_lanes[0].i_lane/i_vfus/i_vmfpu/fpu_gen.i_fpnew_bulk/gen_operation_groups[0].i_opgroup_block_gen_parallel_slices[0].active_format.i_fmt_slice_gen_num_lanes[1].active_lane.lane_instance.i_fma/WALLACE_CSA_DUMMY_OP_groupi_g4247/Z  -       A1->Z  R     AO12V1_140P7T30R               3  2.3    28    34    1090    (-,-) 
  i_system/i_ara/gen_lanes[0].i_lane/i_vfus/i_vmfpu/fpu_gen.i_fpnew_bulk/gen_operation_groups[0].i_opgroup_block_gen_parallel_slices[0].active_format.i_fmt_slice_gen_num_lanes[1].active_lane.lane_instance.i_fma/WALLACE_CSA_DUMMY_OP_groupi_g4232/ZN -       A1->ZN F     NAND2V3_140P7T30R              2  1.4    16    13    1103    (-,-) 
  i_system/i_ara/gen_lanes[0].i_lane/i_vfus/i_vmfpu/fpu_gen.i_fpnew_bulk/gen_operation_groups[0].i_opgroup_block_gen_parallel_slices[0].active_format.i_fmt_slice_gen_num_lanes[1].active_lane.lane_instance.i_fma/WALLACE_CSA_DUMMY_OP_groupi_g4214/ZN -       A1->ZN R     OAI12V4_140P7T30R              2  1.9    22    19    1123    (-,-) 
  i_system/i_ara/gen_lanes[0].i_lane/i_vfus/i_vmfpu/fpu_gen.i_fpnew_bulk/gen_operation_groups[0].i_opgroup_block_gen_parallel_slices[0].active_format.i_fmt_slice_gen_num_lanes[1].active_lane.lane_instance.i_fma/WALLACE_CSA_DUMMY_OP_groupi_g4207/ZN -       A1->ZN F     AOI12V4_140P7T30R              2  1.9    18    16    1138    (-,-) 
  i_system/i_ara/gen_lanes[0].i_lane/i_vfus/i_vmfpu/fpu_gen.i_fpnew_bulk/gen_operation_groups[0].i_opgroup_block_gen_parallel_slices[0].active_format.i_fmt_slice_gen_num_lanes[1].active_lane.lane_instance.i_fma/WALLACE_CSA_DUMMY_OP_groupi_g4201/ZN -       A1->ZN R     OAI12V4_140P7T30R              2  1.8    22    19    1157    (-,-) 
  i_system/i_ara/gen_lanes[0].i_lane/i_vfus/i_vmfpu/fpu_gen.i_fpnew_bulk/gen_operation_groups[0].i_opgroup_block_gen_parallel_slices[0].active_format.i_fmt_slice_gen_num_lanes[1].active_lane.lane_instance.i_fma/WALLACE_CSA_DUMMY_OP_groupi_g4200/ZN -       I->ZN  F     INV3_140P7T30R                 1  1.0     8     7    1164    (-,-) 
  i_system/i_ara/gen_lanes[0].i_lane/i_vfus/i_vmfpu/fpu_gen.i_fpnew_bulk/gen_operation_groups[0].i_opgroup_block_gen_parallel_slices[0].active_format.i_fmt_slice_gen_num_lanes[1].active_lane.lane_instance.i_fma/WALLACE_CSA_DUMMY_OP_groupi_g4198/ZN -       A1->ZN R     OAI12V4_140P7T30R              1  0.9    17    13    1177    (-,-) 
  i_system/i_ara/gen_lanes[0].i_lane/i_vfus/i_vmfpu/fpu_gen.i_fpnew_bulk/gen_operation_groups[0].i_opgroup_block_gen_parallel_slices[0].active_format.i_fmt_slice_gen_num_lanes[1].active_lane.lane_instance.i_fma/WALLACE_CSA_DUMMY_OP_groupi_g4870/Z  -       A2->Z  R     CLKXOR2V1P5_140P7T30R          1  0.5    23    25    1202    (-,-) 
  i_system/i_ara/gen_lanes[0].i_lane/i_vfus/i_vmfpu/fpu_gen.i_fpnew_bulk/gen_operation_groups[0].i_opgroup_block_gen_parallel_slices[0].active_format.i_fmt_slice_gen_num_lanes[1].active_lane.lane_instance.i_fma/g33793/Z                             -       A1->Z  R     AO1B2V1P5_140P7T30R            1  0.6    16    24    1226    (-,-) 
  i_system/i_ara/gen_lanes[0].i_lane/i_vfus/i_vmfpu/fpu_gen.i_fpnew_bulk/gen_operation_groups[0].i_opgroup_block_gen_parallel_slices[0].active_format.i_fmt_slice_gen_num_lanes[1].active_lane.lane_instance.i_fma/mid_pipe_sum_q_reg[1][75]/D          <<<     -      R     DRNQNV1P5_140P7T30R            1    -     -     0    1226    (-,-) 
#-----------------------------------------------------------------------------------------------------------------------------------------------------------------------------------------------------------------------------------------------------------------------------------------------------------------------------------------------


