============================================================
  Generated by:           Genus(TM) Synthesis Solution 23.14-s090_1
  Generated on:           Apr 19 2026  04:27:23 am
  Module:                 ara_soc_NrLanes16_VLEN16384_OSSupport0
  Operating conditions:   tt_v0p8_85c (balanced_tree)
  Wireload mode:          enclosed
  Area mode:              timing library
============================================================


Path 1: MET (486 ps) Setup Check with Pin i_system/i_tc_top/u_tc_buffer_A/u_sram_array/genblk1[56].u_dual_port_sram_mem_reg[4][0]/CK->SE
           View: setup_view
          Group: clk_i
     Startpoint: (R) rst_ni
          Clock: (R) clk_i
       Endpoint: (R) i_system/i_tc_top/u_tc_buffer_A/u_sram_array/genblk1[56].u_dual_port_sram_mem_reg[4][0]/SE
          Clock: (R) clk_i

                     Capture       Launch     
        Clock Edge:+    1250            0     
        Drv Adjust:+       0            0     
       Src Latency:+       0            0     
       Net Latency:+       0 (I)        0 (I) 
           Arrival:=    1250            0     
                                              
             Setup:-      67                  
     Required Time:=    1183                  
      Launch Clock:-       0                  
       Input Delay:-       0                  
         Data Path:-     696                  
             Slack:=     486                  

Exceptions/Constraints:
  input_delay              0              constraint.sdc_line_13   

#-------------------------------------------------------------------------------------------------------------------------------------------------------------------------------
#                                       Timing Point                                         Flags    Arc   Edge        Cell           Fanout Load Trans Delay Arrival Instance 
#                                                                                                                                             (fF)  (ps)  (ps)   (ps)  Location 
#-------------------------------------------------------------------------------------------------------------------------------------------------------------------------------
  rst_ni                                                                                     <<< (a) -      R     (arrival)            140170  1.7     0     0       0    (-,-) 
  i_system/i_tc_top/hi_fo_buf6113/ZN                                                         -       I->ZN  F     CLKINV2_140P7T30R         2  1.2    12     8       8    (-,-) 
  i_system/i_tc_top/hi_fo_buf6111/ZN                                                         -       I->ZN  R     CLKINV2_140P7T30R         2  1.2    14    13      21    (-,-) 
  i_system/i_tc_top/hi_fo_buf6110/ZN                                                         -       I->ZN  F     CLKINV2_140P7T30R         2  1.2    12    12      33    (-,-) 
  i_system/i_tc_top/hi_fo_buf/ZN                                                             -       I->ZN  R     CLKINV2_140P7T30R       169  1.6    17    15      49    (-,-) 
  i_system/i_tc_top/u_tc_buffer_A/u_sram_array/hi_fo_buf4424/ZN                              -       I->ZN  F     CLKINV2_140P7T30R         2  1.2    13    12      61    (-,-) 
  i_system/i_tc_top/u_tc_buffer_A/u_sram_array/hi_fo_buf4422/ZN                              -       I->ZN  R     CLKINV2_140P7T30R         3  1.6    17    16      77    (-,-) 
  i_system/i_tc_top/u_tc_buffer_A/u_sram_array/hi_fo_buf4421/ZN                              -       I->ZN  F     CLKINV2_140P7T30R         2  1.2    13    12      89    (-,-) 
  i_system/i_tc_top/u_tc_buffer_A/u_sram_array/hi_fo_buf4420/ZN                              -       I->ZN  R     CLKINV2_140P7T30R         5  2.7    26    21     110    (-,-) 
  i_system/i_tc_top/u_tc_buffer_A/u_sram_array/hi_fo_buf4419/ZN                              -       I->ZN  F     CLKINV2_140P7T30R         3  1.8    19    17     127    (-,-) 
  i_system/i_tc_top/u_tc_buffer_A/u_sram_array/hi_fo_buf4417/ZN                              -       I->ZN  R     CLKINV2_140P7T30R         5  2.6    26    22     149    (-,-) 
  i_system/i_tc_top/u_tc_buffer_A/u_sram_array/hi_fo_buf4416/ZN                              -       I->ZN  F     CLKINV2_140P7T30R         2  1.2    16    14     163    (-,-) 
  i_system/i_tc_top/u_tc_buffer_A/u_sram_array/hi_fo_buf4415/ZN                              -       I->ZN  R     CLKINV2_140P7T30R         3  1.6    17    17     180    (-,-) 
  i_system/i_tc_top/u_tc_buffer_A/u_sram_array/hi_fo_buf4414/ZN                              -       I->ZN  F     CLKINV2_140P7T30R         3  1.8    17    15     195    (-,-) 
  i_system/i_tc_top/u_tc_buffer_A/u_sram_array/hi_fo_buf4412/ZN                              -       I->ZN  R     CLKINV2_140P7T30R         5  2.6    26    22     216    (-,-) 
  i_system/i_tc_top/u_tc_buffer_A/u_sram_array/hi_fo_buf4411/ZN                              -       I->ZN  F     CLKINV2_140P7T30R         3  1.8    19    17     233    (-,-) 
  i_system/i_tc_top/u_tc_buffer_A/u_sram_array/hi_fo_buf4405/ZN                              -       I->ZN  R     CLKINV2_140P7T30R         3  1.5    18    18     251    (-,-) 
  i_system/i_tc_top/u_tc_buffer_A/u_sram_array/g3224/ZN                                      -       A2->ZN F     NAND2V2_140P7T30R         2  1.1    21    16     266    (-,-) 
  i_system/i_tc_top/u_tc_buffer_A/u_sram_array/g3223/ZN                                      -       A2->ZN R     CLKNOR2V2_140P7T30R       2  1.1    25    23     289    (-,-) 
  i_system/i_tc_top/u_tc_buffer_A/u_sram_array/g3232/Z                                       -       A1->Z  R     AND2V1P5_140P7T30R       12  6.1    59    52     341    (-,-) 
  i_system/i_tc_top/u_tc_buffer_A/u_sram_array/g3231/ZN                                      -       I->ZN  F     CLKINV2_140P7T30R         5  3.7    38    32     374    (-,-) 
  i_system/i_tc_top/u_tc_buffer_A/u_sram_array/g3149/ZN                                      -       A2->ZN R     CLKNOR2V2_140P7T30R      32 38.4   551   323     696    (-,-) 
  i_system/i_tc_top/u_tc_buffer_A/u_sram_array/genblk1[56].u_dual_port_sram_mem_reg[4][0]/SE <<<     -      R     SDQV1P5_140P7T30R        32    -     -     0     696    (-,-) 
#-------------------------------------------------------------------------------------------------------------------------------------------------------------------------------

(a) : Net has asynchronous load pins which are being considered ideal.


