============================================================
  Generated by:           Genus(TM) Synthesis Solution 23.14-s090_1
  Generated on:           Apr 19 2026  04:28:10 am
  Module:                 ara_soc_NrLanes16_VLEN16384_OSSupport0
  Operating conditions:   tt_v0p8_85c (balanced_tree)
  Wireload mode:          enclosed
  Area mode:              timing library
============================================================


Path 1: MET (281 ps) Late External Delay Assertion at pin uart_pwdata_o[0]
           View: setup_view
          Group: clk_i
     Startpoint: (R) i_axi_slave_uart_dwc_gen_dw_downsize.i_axi_dw_downsizer/i_axi_demux_i_aw_select_spill_reg_spill_register_flushable_i_gen_spill_reg.b_full_q_reg/CK
          Clock: (R) clk_i
       Endpoint: (R) uart_pwdata_o[0]
          Clock: (R) clk_i

                     Capture       Launch     
        Clock Edge:+    1250            0     
       Src Latency:+       0            0     
       Net Latency:+       0 (I)        0 (I) 
           Arrival:=    1250            0     
                                              
      Output Delay:-       0                  
     Required Time:=    1250                  
      Launch Clock:-       0                  
         Data Path:-     969                  
             Slack:=     281                  

Exceptions/Constraints:
  output_delay              0              constraint.sdc_line_14_230_1   

#------------------------------------------------------------------------------------------------------------------------------------------------------------------------------------------------------------------------------------------
#                                                                   Timing Point                                                                     Flags    Arc   Edge         Cell            Fanout  Load Trans Delay Arrival Instance 
#                                                                                                                                                                                                        (fF)  (ps)  (ps)   (ps)  Location 
#------------------------------------------------------------------------------------------------------------------------------------------------------------------------------------------------------------------------------------------
  i_axi_slave_uart_dwc_gen_dw_downsize.i_axi_dw_downsizer/i_axi_demux_i_aw_select_spill_reg_spill_register_flushable_i_gen_spill_reg.b_full_q_reg/CK <<<     -      R     (arrival)              1193464    -     0     0       0    (-,-) 
  i_axi_slave_uart_dwc_gen_dw_downsize.i_axi_dw_downsizer/i_axi_demux_i_aw_select_spill_reg_spill_register_flushable_i_gen_spill_reg.b_full_q_reg/Q  -       CK->Q  R     SDRNQV6_140P7T30R           16 13.2    40    72      72    (-,-) 
  i_axi_slave_uart_dwc_gen_dw_downsize.i_axi_dw_downsizer/g278003/ZN                                                                                 -       I->ZN  F     INV20_140P7T30R             21 12.7    16    14      86    (-,-) 
  i_axi_slave_uart_dwc_gen_dw_downsize.i_axi_dw_downsizer/g276562/ZN                                                                                 -       A1->ZN R     NAND2V1P5_140P7T30R          1  0.9    13    14     100    (-,-) 
  i_axi_slave_uart_dwc_gen_dw_downsize.i_axi_dw_downsizer/g276557/Z                                                                                  -       B->Z   F     AO1B2V4_140P7T30R           11  5.8    33    23     123    (-,-) 
  i_axi_slave_uart_dwc_gen_dw_downsize.i_axi_dw_downsizer/g276506/ZN                                                                                 -       I->ZN  R     CLKINV2_140P7T30R            1  0.9    17    18     142    (-,-) 
  i_axi_slave_uart_dwc_gen_dw_downsize.i_axi_dw_downsizer/g276505/ZN                                                                                 -       I->ZN  F     CLKINV4_140P7T30R           13  7.1    28    21     163    (-,-) 
  g530/ZN                                                                                                                                            -       A2->ZN R     NOR2V2_140P7T30R             2  1.1    28    26     188    (-,-) 
  g527/ZN                                                                                                                                            -       I->ZN  F     CLKINV2_140P7T30R            7  2.8    26    22     210    (-,-) 
  g507/ZN                                                                                                                                            -       A1->ZN R     NOR2V1_140P7T30R             2  1.0    31    27     237    (-,-) 
  g119/ZN                                                                                                                                            -       B1->ZN F     AOI22V1_140P7T30R            1  0.5    24    20     257    (-,-) 
  g111/ZN                                                                                                                                            -       A4->ZN R     NAND4V1P5_140P7T30R          1  0.5    20    20     277    (-,-) 
  g109/ZN                                                                                                                                            -       A2->ZN F     CLKNOR2V2_140P7T30R          1  0.5    10    10     287    (-,-) 
  g107/ZN                                                                                                                                            -       A2->ZN R     NAND2V2_140P7T30R            1  0.9    12    12     299    (-,-) 
  g4287/ZN                                                                                                                                           -       A1->ZN R     XNOR2V1P5_140P7T30R          1  0.7    22    26     325    (-,-) 
  g4277/Z                                                                                                                                            -       A1->Z  R     OA1B2V4_140P7T30R            3  2.4    26    31     356    (-,-) 
  g4269/ZN                                                                                                                                           -       A1->ZN F     AOI12V4_140P7T30R            2  1.0    15    13     369    (-,-) 
  g4263/ZN                                                                                                                                           -       A1->ZN R     CLKNOR2V2_140P7T30R          2  1.0    22    18     387    (-,-) 
  g4260/ZN                                                                                                                                           -       A1->ZN F     CLKNOR2V2_140P7T30R          2  1.4    31    14     402    (-,-) 
  g4254/ZN                                                                                                                                           -       A1->ZN R     CLKNOR2V4_140P7T30R          2  1.3    19    18     420    (-,-) 
  g69/ZN                                                                                                                                             -       I0->ZN F     MUX2NV2_140P7T30R            3  2.6    35    26     446    (-,-) 
  g4243/ZN                                                                                                                                           -       A1->ZN R     AOI12V4_140P7T30R            3  3.0    36    29     476    (-,-) 
  g4241/ZN                                                                                                                                           -       I->ZN  F     INV5_140P7T30R              68 57.1   105    70     546    (-,-) 
  g167372/ZN                                                                                                                                         -       B1->ZN R     NAND2XBV1P5_140P7T30R        2  1.0    38    36     582    (-,-) 
  g165207/Z                                                                                                                                          -       A1->Z  R     AO12V2_140P7T30R             5  2.1    23    34     616    (-,-) 
  g165079/ZN                                                                                                                                         -       A1->ZN R     NOR2XBV1P5_140P7T30R        33 19.7   322   193     810    (-,-) 
  g164928/Z                                                                                                                                          -       A1->Z  R     AND2V1P5_140P7T30R          32 19.2   177   126     936    (-,-) 
  g164809/Z                                                                                                                                          -       A1->Z  R     AO22V1_140P7T30R             1  0.0    18    33     969    (-,-) 
  uart_pwdata_o[0]                                                                                                                                   <<<     -      R     (port)                       -    -     -     0     969    (-,-) 
#------------------------------------------------------------------------------------------------------------------------------------------------------------------------------------------------------------------------------------------


