============================================================
  Generated by:           Genus(TM) Synthesis Solution 23.14-s090_1
  Generated on:           Apr 19 2026  04:28:19 am
  Module:                 ara_soc_NrLanes16_VLEN16384_OSSupport0
  Operating conditions:   tt_v0p8_85c (balanced_tree)
  Wireload mode:          enclosed
  Area mode:              timing library
============================================================


Path 1: MET (0 ps) Setup Check with Pin i_system/i_ara/gen_lanes[4].i_lane/i_vfus/i_valu/result_queue_q_reg[0][be][1]/CK->D
           View: setup_view
          Group: clk_i
     Startpoint: (R) i_system/i_ara/gen_lanes[4].i_lane/i_vfus/i_valu/vinsn_issue_q_reg[op][5]/CK
          Clock: (R) clk_i
       Endpoint: (F) i_system/i_ara/gen_lanes[4].i_lane/i_vfus/i_valu/result_queue_q_reg[0][be][1]/D
          Clock: (R) clk_i

                     Capture       Launch     
        Clock Edge:+    1250            0     
       Src Latency:+       0            0     
       Net Latency:+       0 (I)        0 (I) 
           Arrival:=    1250            0     
                                              
             Setup:-      21                  
     Required Time:=    1229                  
      Launch Clock:-       0                  
         Data Path:-    1229                  
             Slack:=       0                  

#----------------------------------------------------------------------------------------------------------------------------------------------------------------------
#                                  Timing Point                                   Flags    Arc   Edge         Cell           Fanout  Load Trans Delay Arrival Instance 
#                                                                                                                                    (fF)  (ps)  (ps)   (ps)  Location 
#----------------------------------------------------------------------------------------------------------------------------------------------------------------------
  i_system/i_ara/gen_lanes[4].i_lane/i_vfus/i_valu/vinsn_issue_q_reg[op][5]/CK    <<<     -      R     (arrival)             1193464    -     0     0       0    (-,-) 
  i_system/i_ara/gen_lanes[4].i_lane/i_vfus/i_valu/vinsn_issue_q_reg[op][5]/Q     -       CK->Q  R     DRQV2_140P7T30R            12  7.1    59    78      78    (-,-) 
  i_system/i_ara/gen_lanes[4].i_lane/i_vfus/i_valu/g281742/ZN                     -       A1->ZN F     CLKNAND2V2_140P7T30R        4  2.0    41    32     110    (-,-) 
  i_system/i_ara/gen_lanes[4].i_lane/i_vfus/i_valu/g281596/ZN                     -       A1->ZN R     CLKNOR2V2_140P7T30R         2  1.0    27    26     136    (-,-) 
  i_system/i_ara/gen_lanes[4].i_lane/i_vfus/i_valu/g281562/ZN                     -       A1->ZN R     NOR2XBV2_140P7T30R          3  1.6    34    33     169    (-,-) 
  i_system/i_ara/gen_lanes[4].i_lane/i_vfus/i_valu/g281528/ZN                     -       B1->ZN F     AOI22V1_140P7T30R           1  0.6    33    22     191    (-,-) 
  i_system/i_ara/gen_lanes[4].i_lane/i_vfus/i_valu/g281369/ZN                     -       B1->ZN R     OAI32V2_140P7T30R           7  3.8   114    51     242    (-,-) 
  i_system/i_ara/gen_lanes[4].i_lane/i_vfus/i_valu/g281331/ZN                     -       A1->ZN F     NOR3V2_140P7T30R            2  1.1    33    21     263    (-,-) 
  i_system/i_ara/gen_lanes[4].i_lane/i_vfus/i_valu/g280921/ZN                     -       A2->ZN R     OAI12V1P5_140P7T30R         1  0.6    24    26     289    (-,-) 
  i_system/i_ara/gen_lanes[4].i_lane/i_vfus/i_valu/g280851/ZN                     -       A1->ZN F     AOI12V2_140P7T30R           1  0.5    20    14     302    (-,-) 
  i_system/i_ara/gen_lanes[4].i_lane/i_vfus/i_valu/g280850/ZN                     -       A1->ZN R     OAI112V1P5_140P7T30R        1  0.6    24    20     323    (-,-) 
  i_system/i_ara/gen_lanes[4].i_lane/i_vfus/i_valu/g280849/Z                      -       A1->Z  R     AO112V2_140P7T30R          10  5.7    48    49     371    (-,-) 
  i_system/i_ara/gen_lanes[4].i_lane/i_vfus/i_valu/g280848/ZN                     -       I->ZN  F     CLKINV2_140P7T30R           2  1.0    20    16     387    (-,-) 
  i_system/i_ara/gen_lanes[4].i_lane/i_vfus/i_valu/g280844/ZN                     -       B1->ZN R     OAI22BBV2_140P7T30R         3  1.9    42    33     420    (-,-) 
  i_system/i_ara/gen_lanes[4].i_lane/i_vfus/i_valu/g280835/ZN                     -       A1->ZN R     XNOR2V2_140P7T30R           3  1.6    35    34     454    (-,-) 
  i_system/i_ara/gen_lanes[4].i_lane/i_vfus/i_valu/g280833/Z                      -       A1->Z  R     AO22V2_140P7T30R            2  1.0    18    32     486    (-,-) 
  i_system/i_ara/gen_lanes[4].i_lane/i_vfus/i_valu/g280829/ZN                     -       A3->ZN F     NAND4V1P5_140P7T30R         3  1.6    48    36     522    (-,-) 
  i_system/i_ara/gen_lanes[4].i_lane/i_vfus/i_valu/g280828/ZN                     -       A1->ZN R     OAI12V2_140P7T30R           7  3.8    63    53     575    (-,-) 
  i_system/i_ara/gen_lanes[4].i_lane/i_vfus/i_valu/g280827/ZN                     -       I->ZN  F     CLKINV2_140P7T30R           4  2.4    32    26     601    (-,-) 
  i_system/i_ara/gen_lanes[4].i_lane/i_vfus/i_valu/g453988/ZN                     -       A1->ZN R     AOI22V1_140P7T30R           2  1.1    29    26     628    (-,-) 
  i_system/i_ara/gen_lanes[4].i_lane/i_vfus/i_valu/g452455/ZN                     -       B->ZN  F     OAI112V1P5_140P7T30R        1  0.6    34    25     653    (-,-) 
  i_system/i_ara/gen_lanes[4].i_lane/i_vfus/i_valu/g451619/ZN                     -       B->ZN  R     AOI12V2_140P7T30R           2  1.2    34    35     688    (-,-) 
  i_system/i_ara/gen_lanes[4].i_lane/i_vfus/i_valu/g455440/ZN                     -       B->ZN  F     NAND3BBV2_140P7T30R        12  7.0   112    75     763    (-,-) 
  i_system/i_ara/gen_lanes[4].i_lane/i_vfus/i_valu/g451020/ZN                     -       I->ZN  R     CLKINV2_140P7T30R           5  3.0    52    54     816    (-,-) 
  i_system/i_ara/gen_lanes[4].i_lane/i_vfus/i_valu/g450540/ZN                     -       A2->ZN F     OAI32V2_140P7T30R           3  1.6    31    34     850    (-,-) 
  i_system/i_ara/gen_lanes[4].i_lane/i_vfus/i_valu/g450069/ZN                     -       B1->ZN R     AOI32V2_140P7T30R           2  1.1    35    33     883    (-,-) 
  i_system/i_ara/gen_lanes[4].i_lane/i_vfus/i_valu/g449752/ZN                     -       A1->ZN R     NOR4XXBBV2_140P7T30R        1  0.6    29    42     925    (-,-) 
  i_system/i_ara/gen_lanes[4].i_lane/i_vfus/i_valu/g448775/ZN                     -       A2->ZN F     AOI12V2_140P7T30R           2  0.8    24    17     942    (-,-) 
  i_system/i_ara/gen_lanes[4].i_lane/i_vfus/i_valu/g448680/ZN                     -       A1->ZN R     CLKNOR2V2_140P7T30R         2  1.1    25    22     964    (-,-) 
  i_system/i_ara/gen_lanes[4].i_lane/i_vfus/i_valu/g448621/ZN                     -       I->ZN  F     INV1P5_140P7T30R            4  2.1    18    16     980    (-,-) 
  i_system/i_ara/gen_lanes[4].i_lane/i_vfus/i_valu/g448561/ZN                     -       A1->ZN R     NAND2V2_140P7T30R           3  1.7    18    18     998    (-,-) 
  i_system/i_ara/gen_lanes[4].i_lane/i_vfus/i_valu/g448420/ZN                     -       A1->ZN F     NOR2V2_140P7T30R            1  0.6    17     9    1007    (-,-) 
  i_system/i_ara/gen_lanes[4].i_lane/i_vfus/i_valu/g448401/Z                      -       B->Z   F     AO12V4_140P7T30R           77 38.8   104    90    1097    (-,-) 
  i_system/i_ara/gen_lanes[4].i_lane/i_vfus/i_valu/g458793/ZN                     -       A->ZN  F     OAI21BV2_140P7T30R          8  4.2    52    70    1167    (-,-) 
  i_system/i_ara/gen_lanes[4].i_lane/i_vfus/i_valu/g447798/Z                      -       B1->Z  F     AO222V1P5_140P7T30R         1  0.6    17    62    1229    (-,-) 
  i_system/i_ara/gen_lanes[4].i_lane/i_vfus/i_valu/result_queue_q_reg[0][be][1]/D <<<     -      F     DRQV2_140P7T30R             1    -     -     0    1229    (-,-) 
#----------------------------------------------------------------------------------------------------------------------------------------------------------------------


